2017-05-29 05:19:33.600 - info: guardado exitoso
2017-05-29 05:20:29.036 - error: guardado exitoso
2017-05-29 05:20:34.038 - error: error al actualizar el cliente
2017-05-29 05:20:34.038 - error:  CastError: Cast to ObjectId failed for value "5925e637668f51170dc8asdfa5b1" at path "_id" for model "Client"
    at MongooseError.CastError (E:\ingeneo\proyectos\nodejs_guate\api_express_mongo_demo_guate\node_modules\mongoose\lib\error\cast.js:26:11)
    at ObjectId.cast (E:\ingeneo\proyectos\nodejs_guate\api_express_mongo_demo_guate\node_modules\mongoose\lib\schema\objectid.js:149:13)
    at ObjectId.SchemaType._castForQuery (E:\ingeneo\proyectos\nodejs_guate\api_express_mongo_demo_guate\node_modules\mongoose\lib\schematype.js:1023:15)
    at ObjectId.castForQuery (E:\ingeneo\proyectos\nodejs_guate\api_express_mongo_demo_guate\node_modules\mongoose\lib\schema\objectid.js:189:15)
    at cast (E:\ingeneo\proyectos\nodejs_guate\api_express_mongo_demo_guate\node_modules\mongoose\lib\cast.js:232:32)
    at Query.cast (E:\ingeneo\proyectos\nodejs_guate\api_express_mongo_demo_guate\node_modules\mongoose\lib\query.js:2932:12)
    at Query.findOne (E:\ingeneo\proyectos\nodejs_guate\api_express_mongo_demo_guate\node_modules\mongoose\lib\query.js:1394:10)
    at Function.findOne (E:\ingeneo\proyectos\nodejs_guate\api_express_mongo_demo_guate\node_modules\mongoose\lib\model.js:1360:13)
    at Function.findById (E:\ingeneo\proyectos\nodejs_guate\api_express_mongo_demo_guate\node_modules\mongoose\lib\model.js:1288:15)
    at E:\ingeneo\proyectos\nodejs_guate\api_express_mongo_demo_guate\services\client.js:61:16
    at Layer.handle [as handle_request] (E:\ingeneo\proyectos\nodejs_guate\api_express_mongo_demo_guate\node_modules\express\lib\router\layer.js:95:5)
    at next (E:\ingeneo\proyectos\nodejs_guate\api_express_mongo_demo_guate\node_modules\express\lib\router\route.js:137:13)
    at Route.dispatch (E:\ingeneo\proyectos\nodejs_guate\api_express_mongo_demo_guate\node_modules\express\lib\router\route.js:112:3)
    at Layer.handle [as handle_request] (E:\ingeneo\proyectos\nodejs_guate\api_express_mongo_demo_guate\node_modules\express\lib\router\layer.js:95:5)
    at E:\ingeneo\proyectos\nodejs_guate\api_express_mongo_demo_guate\node_modules\express\lib\router\index.js:281:22
    at Function.process_params (E:\ingeneo\proyectos\nodejs_guate\api_express_mongo_demo_guate\node_modules\express\lib\router\index.js:335:12)
2017-05-29 05:20:39.070 - error: guardado exitoso
2017-05-29 05:20:52.401 - info: guardado exitoso
2017-05-29 05:20:58.393 - error: Error al eliminar cliente
2017-05-29 05:20:58.393 - error:  CastError: Cast to ObjectId failed for value "5925e637668f51170dc8a5b1asdf" at path "_id" for model "Client"
    at MongooseError.CastError (E:\ingeneo\proyectos\nodejs_guate\api_express_mongo_demo_guate\node_modules\mongoose\lib\error\cast.js:26:11)
    at ObjectId.cast (E:\ingeneo\proyectos\nodejs_guate\api_express_mongo_demo_guate\node_modules\mongoose\lib\schema\objectid.js:149:13)
    at ObjectId.SchemaType._castForQuery (E:\ingeneo\proyectos\nodejs_guate\api_express_mongo_demo_guate\node_modules\mongoose\lib\schematype.js:1023:15)
    at ObjectId.castForQuery (E:\ingeneo\proyectos\nodejs_guate\api_express_mongo_demo_guate\node_modules\mongoose\lib\schema\objectid.js:189:15)
    at cast (E:\ingeneo\proyectos\nodejs_guate\api_express_mongo_demo_guate\node_modules\mongoose\lib\cast.js:232:32)
    at Query.cast (E:\ingeneo\proyectos\nodejs_guate\api_express_mongo_demo_guate\node_modules\mongoose\lib\query.js:2932:12)
    at castQuery (E:\ingeneo\proyectos\nodejs_guate\api_express_mongo_demo_guate\node_modules\mongoose\lib\query.js:2834:18)
    at Query._findAndModify (E:\ingeneo\proyectos\nodejs_guate\api_express_mongo_demo_guate\node_modules\mongoose\lib\query.js:1979:17)
    at Query.findOneAndRemove (E:\ingeneo\proyectos\nodejs_guate\api_express_mongo_demo_guate\node_modules\mquery\lib\mquery.js:2585:15)
    at Query._findOneAndRemove (E:\ingeneo\proyectos\nodejs_guate\api_express_mongo_demo_guate\node_modules\mongoose\lib\query.js:1943:31)
    at E:\ingeneo\proyectos\nodejs_guate\api_express_mongo_demo_guate\node_modules\kareem\index.js:257:8
    at E:\ingeneo\proyectos\nodejs_guate\api_express_mongo_demo_guate\node_modules\kareem\index.js:23:7
    at _combinedTickCallback (internal/process/next_tick.js:67:7)
    at process._tickCallback (internal/process/next_tick.js:98:9)
2017-05-29 05:31:23.959 - info: service : /mongo/api/v1/client
2017-05-29 05:31:23.963 - info: service : /mongo/api/v1/client
2017-05-29 05:31:23.974 - info: escuchando  : 0.0.0.0:5002
2017-05-29 05:31:24.196 - error: El cliente no existe
2017-05-29 05:31:24.197 - error: 
2017-05-29 05:31:24.208 - error: uncaughtException: Cannot read property 'message' of null date=Mon May 29 2017 05:31:24 GMT-0500 (Hora est. Pacífico, Sudamérica), pid=24648, uid=null, gid=null, cwd=E:\ingeneo\proyectos\nodejs_guate\api_express_mongo_demo_guate, execPath=D:\nodejs-6.9.4\node.exe, version=v6.9.4, argv=[D:\nodejs-6.9.4\node.exe, E:\ingeneo\proyectos\nodejs_guate\api_express_mongo_demo_guate\server.js], rss=52707328, heapTotal=38834176, heapUsed=25461480, loadavg=[0, 0, 0], uptime=228974.7106193, trace=[column=36, file=E:\ingeneo\proyectos\nodejs_guate\api_express_mongo_demo_guate\helpers\utils.js, function=Object.module.exports.sendError, line=28, method=sendError, native=false, column=30, file=E:\ingeneo\proyectos\nodejs_guate\api_express_mongo_demo_guate\services\client.js, function=null, line=66, method=null, native=false, column=16, file=E:\ingeneo\proyectos\nodejs_guate\api_express_mongo_demo_guate\node_modules\mongoose\lib\model.js, function=null, line=3747, method=null, native=false, column=21, file=E:\ingeneo\proyectos\nodejs_guate\api_express_mongo_demo_guate\node_modules\kareem\index.js, function=null, line=277, method=null, native=false, column=16, file=E:\ingeneo\proyectos\nodejs_guate\api_express_mongo_demo_guate\node_modules\kareem\index.js, function=null, line=131, method=null, native=false, column=7, file=internal/process/next_tick.js, function=_combinedTickCallback, line=67, method=null, native=false, column=9, file=internal/process/next_tick.js, function=process._tickCallback, line=98, method=_tickCallback, native=false], stack=[TypeError: Cannot read property 'message' of null,     at Object.module.exports.sendError (E:\ingeneo\proyectos\nodejs_guate\api_express_mongo_demo_guate\helpers\utils.js:28:36),     at E:\ingeneo\proyectos\nodejs_guate\api_express_mongo_demo_guate\services\client.js:66:30,     at Query.<anonymous> (E:\ingeneo\proyectos\nodejs_guate\api_express_mongo_demo_guate\node_modules\mongoose\lib\model.js:3747:16),     at E:\ingeneo\proyectos\nodejs_guate\api_express_mongo_demo_guate\node_modules\kareem\index.js:277:21,     at E:\ingeneo\proyectos\nodejs_guate\api_express_mongo_demo_guate\node_modules\kareem\index.js:131:16,     at _combinedTickCallback (internal/process/next_tick.js:67:7),     at process._tickCallback (internal/process/next_tick.js:98:9)]
