2017-05-18 18:51:50.788 - info: Conexión a cassandra correcta 
2017-05-18 18:52:10.408 - info: service : /api/v1/token
2017-05-18 18:52:10.416 - info: service : /api/v1/sms
2017-05-18 18:52:10.997 - info: Conexión a cassandra correcta 
2017-05-18 18:52:15.792 - info: service : /api/v1/token
2017-05-18 18:52:15.801 - info: service : /api/v1/sms
2017-05-18 18:52:16.442 - info: Conexión a cassandra correcta 
2017-05-18 18:52:22.360 - info: service : /api/v1/token
2017-05-18 18:52:22.368 - info: service : /api/v1/sms
2017-05-18 18:52:22.956 - info: Conexión a cassandra correcta 
2017-05-18 18:52:46.300 - info: service : /api/v1/token
2017-05-18 18:52:46.308 - info: service : /api/v1/sms
2017-05-18 18:52:46.949 - info: Conexión a cassandra correcta 
2017-05-18 18:53:24.631 - info: service : /api/v1/token
2017-05-18 18:53:24.639 - info: service : /api/v1/sms
2017-05-18 18:53:25.253 - info: Conexión a cassandra correcta 
2017-05-19 11:44:49.482 - info: service : /api/v1/token
2017-05-19 11:44:49.489 - info: service : /api/v1/sms
2017-05-19 11:44:50.100 - info: Conexión a cassandra correcta 
2017-05-19 11:48:10.497 - info: service : /api/v1/token
2017-05-19 11:48:10.505 - info: service : /api/v1/sms
2017-05-19 11:48:11.066 - info: Conexión a cassandra correcta 
2017-05-19 11:48:31.277 - info: service : /api/v1/sms
2017-05-19 11:48:31.866 - info: Conexión a cassandra correcta 
2017-05-19 11:50:50.619 - info: service : /api/v1/sms
2017-05-19 11:50:50.675 - error: uncaughtException: client.connect is not a function date=Fri May 19 2017 11:50:50 GMT-0500 (Hora est. Pacífico, Sudamérica), pid=4720, uid=null, gid=null, cwd=E:\ingeneo\proyectos\nodejs_guate\api_express_mongo_demo_guate, execPath=D:\nodejs-7.2.1\node.exe, version=v7.2.1, argv=[D:\nodejs-7.2.1\node.exe, E:\ingeneo\proyectos\nodejs_guate\api_express_mongo_demo_guate\server.js], rss=39247872, heapTotal=21999616, heapUsed=14022848, external=226501, loadavg=[0, 0, 0], uptime=137078.7964861, trace=[column=8, file=E:\ingeneo\proyectos\nodejs_guate\api_express_mongo_demo_guate\server.js, function=null, line=55, method=null, native=false, column=32, file=module.js, function=Module._compile, line=571, method=_compile, native=false, column=10, file=module.js, function=Module._extensions..js, line=580, method=.js, native=false, column=32, file=module.js, function=Module.load, line=488, method=load, native=false, column=12, file=module.js, function=tryModuleLoad, line=447, method=null, native=false, column=3, file=module.js, function=Module._load, line=439, method=_load, native=false, column=10, file=module.js, function=Module.runMain, line=605, method=runMain, native=false, column=7, file=bootstrap_node.js, function=run, line=420, method=null, native=false, column=9, file=bootstrap_node.js, function=startup, line=139, method=null, native=false, column=3, file=bootstrap_node.js, function=null, line=535, method=null, native=false], stack=[TypeError: client.connect is not a function,     at Object.<anonymous> (E:\ingeneo\proyectos\nodejs_guate\api_express_mongo_demo_guate\server.js:55:8),     at Module._compile (module.js:571:32),     at Object.Module._extensions..js (module.js:580:10),     at Module.load (module.js:488:32),     at tryModuleLoad (module.js:447:12),     at Function.Module._load (module.js:439:3),     at Module.runMain (module.js:605:10),     at run (bootstrap_node.js:420:7),     at startup (bootstrap_node.js:139:9),     at bootstrap_node.js:535:3]
2017-05-19 11:51:42.228 - error: uncaughtException: Cannot find module './models/operation' date=Fri May 19 2017 11:51:42 GMT-0500 (Hora est. Pacífico, Sudamérica), pid=6380, uid=null, gid=null, cwd=E:\ingeneo\proyectos\nodejs_guate\api_express_mongo_demo_guate, execPath=D:\nodejs-7.2.1\node.exe, version=v7.2.1, argv=[D:\nodejs-7.2.1\node.exe, E:\ingeneo\proyectos\nodejs_guate\api_express_mongo_demo_guate\server.js], rss=53063680, heapTotal=36679680, heapUsed=23792960, external=18547310, loadavg=[0, 0, 0], uptime=137130.3495179, trace=[column=15, file=module.js, function=Module._resolveFilename, line=470, method=_resolveFilename, native=false, column=25, file=module.js, function=Module._load, line=418, method=_load, native=false, column=17, file=module.js, function=Module.require, line=498, method=require, native=false, column=19, file=internal/module.js, function=require, line=20, method=null, native=false, column=12, file=E:\ingeneo\proyectos\nodejs_guate\api_express_mongo_demo_guate\server.js, function=null, line=20, method=null, native=false, column=32, file=module.js, function=Module._compile, line=571, method=_compile, native=false, column=10, file=module.js, function=Module._extensions..js, line=580, method=.js, native=false, column=32, file=module.js, function=Module.load, line=488, method=load, native=false, column=12, file=module.js, function=tryModuleLoad, line=447, method=null, native=false, column=3, file=module.js, function=Module._load, line=439, method=_load, native=false, column=10, file=module.js, function=Module.runMain, line=605, method=runMain, native=false, column=7, file=bootstrap_node.js, function=run, line=420, method=null, native=false, column=9, file=bootstrap_node.js, function=startup, line=139, method=null, native=false, column=3, file=bootstrap_node.js, function=null, line=535, method=null, native=false], stack=[Error: Cannot find module './models/operation',     at Function.Module._resolveFilename (module.js:470:15),     at Function.Module._load (module.js:418:25),     at Module.require (module.js:498:17),     at require (internal/module.js:20:19),     at Object.<anonymous> (E:\ingeneo\proyectos\nodejs_guate\api_express_mongo_demo_guate\server.js:20:12),     at Module._compile (module.js:571:32),     at Object.Module._extensions..js (module.js:580:10),     at Module.load (module.js:488:32),     at tryModuleLoad (module.js:447:12),     at Function.Module._load (module.js:439:3),     at Module.runMain (module.js:605:10),     at run (bootstrap_node.js:420:7),     at startup (bootstrap_node.js:139:9),     at bootstrap_node.js:535:3]
